{"/app/iot-gw/src/SwitchBot.ts": {"path":"/app/iot-gw/src/SwitchBot.ts","statementMap":{"0":{"start":{"line":2,"column":29},"end":{"line":2,"column":62}},"1":{"start":{"line":5,"column":4},"end":{"line":5,"column":22}},"2":{"start":{"line":9,"column":22},"end":{"line":9,"column":134}},"3":{"start":{"line":10,"column":4},"end":{"line":10,"column":59}},"4":{"start":{"line":14,"column":18},"end":{"line":14,"column":37}},"5":{"start":{"line":15,"column":22},"end":{"line":15,"column":55}},"6":{"start":{"line":16,"column":22},"end":{"line":16,"column":57}},"7":{"start":{"line":17,"column":123},"end":{"line":28,"column":5}},"8":{"start":{"line":30,"column":21},"end":{"line":30,"column":100}},"9":{"start":{"line":31,"column":4},"end":{"line":36,"column":5}},"10":{"start":{"line":32,"column":27},"end":{"line":32,"column":64}},"11":{"start":{"line":33,"column":6},"end":{"line":35,"column":7}},"12":{"start":{"line":34,"column":8},"end":{"line":34,"column":20}},"13":{"start":{"line":38,"column":4},"end":{"line":38,"column":17}}},"fnMap":{"0":{"name":"(anonymous_0)","decl":{"start":{"line":4,"column":2},"end":{"line":4,"column":3}},"loc":{"start":{"line":4,"column":61},"end":{"line":6,"column":3}},"line":4},"1":{"name":"(anonymous_1)","decl":{"start":{"line":8,"column":2},"end":{"line":8,"column":3}},"loc":{"start":{"line":8,"column":65},"end":{"line":11,"column":3}},"line":8},"2":{"name":"(anonymous_2)","decl":{"start":{"line":13,"column":2},"end":{"line":13,"column":3}},"loc":{"start":{"line":13,"column":59},"end":{"line":39,"column":3}},"line":13}},"branchMap":{"0":{"loc":{"start":{"line":31,"column":4},"end":{"line":36,"column":5}},"type":"if","locations":[{"start":{"line":31,"column":4},"end":{"line":36,"column":5}},{"start":{},"end":{}}],"line":31},"1":{"loc":{"start":{"line":33,"column":6},"end":{"line":35,"column":7}},"type":"if","locations":[{"start":{"line":33,"column":6},"end":{"line":35,"column":7}},{"start":{},"end":{}}],"line":33}},"s":{"0":6,"1":6,"2":1,"3":1,"4":3,"5":3,"6":3,"7":3,"8":3,"9":3,"10":2,"11":2,"12":1,"13":2},"f":{"0":6,"1":1,"2":3},"b":{"0":[2,1],"1":[1,1]},"_coverageSchema":"1a1c01bbd47fc00a2c39e90264f33305004495a9","hash":"c7ab16151b870c4c99e6acc214155d3742423241"}
,"/app/iot-gw/src/iot-gw.ts": {"path":"/app/iot-gw/src/iot-gw.ts","statementMap":{"0":{"start":{"line":12,"column":24},"end":{"line":12,"column":45}},"1":{"start":{"line":14,"column":4},"end":{"line":19,"column":5}},"2":{"start":{"line":15,"column":6},"end":{"line":15,"column":37}},"3":{"start":{"line":16,"column":6},"end":{"line":16,"column":18}},"4":{"start":{"line":18,"column":6},"end":{"line":18,"column":19}},"5":{"start":{"line":30,"column":4},"end":{"line":36,"column":5}},"6":{"start":{"line":31,"column":6},"end":{"line":31,"column":55}},"7":{"start":{"line":33,"column":6},"end":{"line":33,"column":57}},"8":{"start":{"line":34,"column":6},"end":{"line":34,"column":28}},"9":{"start":{"line":35,"column":6},"end":{"line":35,"column":56}}},"fnMap":{"0":{"name":"(anonymous_0)","decl":{"start":{"line":11,"column":2},"end":{"line":11,"column":3}},"loc":{"start":{"line":11,"column":53},"end":{"line":20,"column":3}},"line":11},"1":{"name":"(anonymous_1)","decl":{"start":{"line":29,"column":2},"end":{"line":29,"column":3}},"loc":{"start":{"line":29,"column":69},"end":{"line":37,"column":3}},"line":29}},"branchMap":{},"s":{"0":2,"1":2,"2":2,"3":1,"4":1,"5":2,"6":2,"7":1,"8":1,"9":1},"f":{"0":2,"1":2},"b":{},"_coverageSchema":"1a1c01bbd47fc00a2c39e90264f33305004495a9","hash":"26d494ea58a1dae739cb594455207ea4369af79e"}
}
