{"/app/iot-gw/src/SwitchBot.ts": {"path":"/app/iot-gw/src/SwitchBot.ts","statementMap":{"0":{"start":{"line":2,"column":29},"end":{"line":2,"column":62}},"1":{"start":{"line":5,"column":4},"end":{"line":5,"column":22}},"2":{"start":{"line":9,"column":22},"end":{"line":9,"column":134}},"3":{"start":{"line":10,"column":4},"end":{"line":10,"column":59}},"4":{"start":{"line":14,"column":18},"end":{"line":14,"column":37}},"5":{"start":{"line":15,"column":22},"end":{"line":15,"column":55}},"6":{"start":{"line":16,"column":22},"end":{"line":16,"column":57}},"7":{"start":{"line":17,"column":123},"end":{"line":28,"column":5}},"8":{"start":{"line":30,"column":21},"end":{"line":30,"column":100}},"9":{"start":{"line":31,"column":4},"end":{"line":36,"column":5}},"10":{"start":{"line":32,"column":27},"end":{"line":32,"column":64}},"11":{"start":{"line":33,"column":6},"end":{"line":35,"column":7}},"12":{"start":{"line":34,"column":8},"end":{"line":34,"column":20}},"13":{"start":{"line":38,"column":4},"end":{"line":38,"column":17}}},"fnMap":{"0":{"name":"(anonymous_0)","decl":{"start":{"line":4,"column":2},"end":{"line":4,"column":3}},"loc":{"start":{"line":4,"column":61},"end":{"line":6,"column":3}},"line":4},"1":{"name":"(anonymous_1)","decl":{"start":{"line":8,"column":2},"end":{"line":8,"column":3}},"loc":{"start":{"line":8,"column":65},"end":{"line":11,"column":3}},"line":8},"2":{"name":"(anonymous_2)","decl":{"start":{"line":13,"column":2},"end":{"line":13,"column":3}},"loc":{"start":{"line":13,"column":59},"end":{"line":39,"column":3}},"line":13}},"branchMap":{"0":{"loc":{"start":{"line":31,"column":4},"end":{"line":36,"column":5}},"type":"if","locations":[{"start":{"line":31,"column":4},"end":{"line":36,"column":5}},{"start":{},"end":{}}],"line":31},"1":{"loc":{"start":{"line":33,"column":6},"end":{"line":35,"column":7}},"type":"if","locations":[{"start":{"line":33,"column":6},"end":{"line":35,"column":7}},{"start":{},"end":{}}],"line":33}},"s":{"0":6,"1":6,"2":1,"3":1,"4":3,"5":3,"6":3,"7":3,"8":3,"9":3,"10":2,"11":2,"12":1,"13":2},"f":{"0":6,"1":1,"2":3},"b":{"0":[2,1],"1":[1,1]},"_coverageSchema":"1a1c01bbd47fc00a2c39e90264f33305004495a9","hash":"c7ab16151b870c4c99e6acc214155d3742423241"}
,"/app/iot-gw/src/main.ts": {"path":"/app/iot-gw/src/main.ts","statementMap":{"0":{"start":{"line":9,"column":21},"end":{"line":22,"column":1}},"1":{"start":{"line":10,"column":17},"end":{"line":10,"column":78}},"2":{"start":{"line":11,"column":15},"end":{"line":11,"column":74}},"3":{"start":{"line":13,"column":16},"end":{"line":13,"column":35}},"4":{"start":{"line":14,"column":14},"end":{"line":14,"column":53}},"5":{"start":{"line":16,"column":2},"end":{"line":21,"column":3}},"6":{"start":{"line":17,"column":4},"end":{"line":17,"column":27}},"7":{"start":{"line":18,"column":4},"end":{"line":18,"column":43}},"8":{"start":{"line":20,"column":4},"end":{"line":20,"column":41}},"9":{"start":{"line":30,"column":22},"end":{"line":37,"column":1}},"10":{"start":{"line":31,"column":15},"end":{"line":31,"column":46}},"11":{"start":{"line":32,"column":2},"end":{"line":34,"column":3}},"12":{"start":{"line":33,"column":4},"end":{"line":33,"column":46}},"13":{"start":{"line":36,"column":2},"end":{"line":36,"column":41}},"14":{"start":{"line":44,"column":32},"end":{"line":61,"column":1}},"15":{"start":{"line":45,"column":14},"end":{"line":45,"column":76}},"16":{"start":{"line":46,"column":18},"end":{"line":46,"column":30}},"17":{"start":{"line":47,"column":16},"end":{"line":47,"column":26}},"18":{"start":{"line":49,"column":2},"end":{"line":51,"column":3}},"19":{"start":{"line":50,"column":4},"end":{"line":50,"column":62}},"20":{"start":{"line":53,"column":17},"end":{"line":53,"column":49}},"21":{"start":{"line":54,"column":17},"end":{"line":54,"column":38}},"22":{"start":{"line":55,"column":19},"end":{"line":55,"column":42}},"23":{"start":{"line":56,"column":19},"end":{"line":56,"column":82}},"24":{"start":{"line":58,"column":2},"end":{"line":60,"column":3}},"25":{"start":{"line":59,"column":4},"end":{"line":59,"column":74}},"26":{"start":{"line":63,"column":29},"end":{"line":76,"column":1}},"27":{"start":{"line":64,"column":17},"end":{"line":64,"column":78}},"28":{"start":{"line":65,"column":15},"end":{"line":65,"column":74}},"29":{"start":{"line":66,"column":14},"end":{"line":66,"column":61}},"30":{"start":{"line":67,"column":2},"end":{"line":75,"column":3}},"31":{"start":{"line":68,"column":4},"end":{"line":68,"column":27}},"32":{"start":{"line":70,"column":21},"end":{"line":70,"column":90}},"33":{"start":{"line":72,"column":4},"end":{"line":72,"column":55}},"34":{"start":{"line":73,"column":4},"end":{"line":73,"column":26}},"35":{"start":{"line":74,"column":4},"end":{"line":74,"column":54}},"36":{"start":{"line":84,"column":24},"end":{"line":87,"column":46}},"37":{"start":{"line":85,"column":2},"end":{"line":87,"column":46}},"38":{"start":{"line":89,"column":14},"end":{"line":89,"column":83}},"39":{"start":{"line":90,"column":15},"end":{"line":90,"column":85}},"40":{"start":{"line":91,"column":18},"end":{"line":91,"column":46}},"41":{"start":{"line":94,"column":0},"end":{"line":94,"column":34}},"42":{"start":{"line":95,"column":0},"end":{"line":95,"column":36}},"43":{"start":{"line":96,"column":0},"end":{"line":96,"column":40}},"44":{"start":{"line":97,"column":0},"end":{"line":97,"column":56}},"45":{"start":{"line":98,"column":0},"end":{"line":98,"column":50}},"46":{"start":{"line":99,"column":0},"end":{"line":99,"column":28}}},"fnMap":{"0":{"name":"(anonymous_0)","decl":{"start":{"line":9,"column":21},"end":{"line":9,"column":22}},"loc":{"start":{"line":9,"column":59},"end":{"line":22,"column":1}},"line":9},"1":{"name":"(anonymous_1)","decl":{"start":{"line":30,"column":22},"end":{"line":30,"column":23}},"loc":{"start":{"line":30,"column":61},"end":{"line":37,"column":1}},"line":30},"2":{"name":"(anonymous_2)","decl":{"start":{"line":44,"column":32},"end":{"line":44,"column":33}},"loc":{"start":{"line":44,"column":47},"end":{"line":61,"column":1}},"line":44},"3":{"name":"(anonymous_3)","decl":{"start":{"line":63,"column":29},"end":{"line":63,"column":30}},"loc":{"start":{"line":63,"column":35},"end":{"line":76,"column":1}},"line":63},"4":{"name":"(anonymous_4)","decl":{"start":{"line":84,"column":24},"end":{"line":84,"column":25}},"loc":{"start":{"line":85,"column":2},"end":{"line":87,"column":46}},"line":85}},"branchMap":{"0":{"loc":{"start":{"line":13,"column":16},"end":{"line":13,"column":35}},"type":"binary-expr","locations":[{"start":{"line":13,"column":16},"end":{"line":13,"column":29}},{"start":{"line":13,"column":33},"end":{"line":13,"column":35}}],"line":13},"1":{"loc":{"start":{"line":32,"column":2},"end":{"line":34,"column":3}},"type":"if","locations":[{"start":{"line":32,"column":2},"end":{"line":34,"column":3}},{"start":{},"end":{}}],"line":32},"2":{"loc":{"start":{"line":49,"column":2},"end":{"line":51,"column":3}},"type":"if","locations":[{"start":{"line":49,"column":2},"end":{"line":51,"column":3}},{"start":{},"end":{}}],"line":49},"3":{"loc":{"start":{"line":58,"column":2},"end":{"line":60,"column":3}},"type":"if","locations":[{"start":{"line":58,"column":2},"end":{"line":60,"column":3}},{"start":{},"end":{}}],"line":58},"4":{"loc":{"start":{"line":70,"column":21},"end":{"line":70,"column":90}},"type":"binary-expr","locations":[{"start":{"line":70,"column":21},"end":{"line":70,"column":84}},{"start":{"line":70,"column":88},"end":{"line":70,"column":90}}],"line":70},"5":{"loc":{"start":{"line":89,"column":14},"end":{"line":89,"column":83}},"type":"binary-expr","locations":[{"start":{"line":89,"column":14},"end":{"line":89,"column":77}},{"start":{"line":89,"column":81},"end":{"line":89,"column":83}}],"line":89},"6":{"loc":{"start":{"line":90,"column":15},"end":{"line":90,"column":85}},"type":"binary-expr","locations":[{"start":{"line":90,"column":15},"end":{"line":90,"column":79}},{"start":{"line":90,"column":83},"end":{"line":90,"column":85}}],"line":90}},"s":{"0":1,"1":2,"2":2,"3":2,"4":2,"5":2,"6":2,"7":1,"8":1,"9":1,"10":2,"11":2,"12":1,"13":2,"14":1,"15":2,"16":2,"17":2,"18":2,"19":0,"20":2,"21":2,"22":2,"23":2,"24":2,"25":1,"26":1,"27":2,"28":2,"29":2,"30":2,"31":2,"32":1,"33":1,"34":1,"35":1,"36":1,"37":4,"38":1,"39":1,"40":1,"41":1,"42":1,"43":1,"44":1,"45":1,"46":1},"f":{"0":2,"1":2,"2":2,"3":2,"4":4},"b":{"0":[2,0],"1":[1,1],"2":[0,2],"3":[1,1],"4":[1,0],"5":[1,1],"6":[1,1]},"_coverageSchema":"1a1c01bbd47fc00a2c39e90264f33305004495a9","hash":"ffcd05529c1ededad99c3c32f7a6697a53807b80"}
}
