TN:
SF:src/SwitchBot.ts
FN:4,(anonymous_0)
FN:8,(anonymous_1)
FN:13,(anonymous_2)
FNF:3
FNH:3
FNDA:6,(anonymous_0)
FNDA:1,(anonymous_1)
FNDA:3,(anonymous_2)
DA:2,6
DA:5,6
DA:9,1
DA:10,1
DA:14,3
DA:15,3
DA:16,3
DA:17,3
DA:30,3
DA:31,3
DA:32,2
DA:33,2
DA:34,1
DA:38,2
LF:14
LH:14
BRDA:31,0,0,2
BRDA:31,0,1,1
BRDA:33,1,0,1
BRDA:33,1,1,1
BRF:4
BRH:4
end_of_record
TN:
SF:src/iot-gw.ts
FN:12,(anonymous_0)
FN:31,(anonymous_1)
FN:56,(anonymous_2)
FNF:3
FNH:3
FNDA:2,(anonymous_0)
FNDA:3,(anonymous_1)
FNDA:2,(anonymous_2)
DA:13,2
DA:15,2
DA:16,2
DA:17,1
DA:19,1
DA:32,3
DA:33,3
DA:34,2
DA:35,2
DA:36,2
DA:37,2
DA:38,2
DA:40,2
DA:41,1
DA:45,2
DA:57,2
DA:58,2
DA:59,2
DA:61,1
DA:62,1
DA:63,1
LF:21
LH:21
BRDA:33,0,0,2
BRDA:33,0,1,1
BRDA:40,1,0,1
BRDA:40,1,1,1
BRF:4
BRH:4
end_of_record
