TN:
SF:src/SwitchBot.ts
FN:4,(anonymous_0)
FN:8,(anonymous_1)
FN:13,(anonymous_2)
FNF:3
FNH:3
FNDA:6,(anonymous_0)
FNDA:1,(anonymous_1)
FNDA:3,(anonymous_2)
DA:2,6
DA:5,6
DA:9,1
DA:10,1
DA:14,3
DA:15,3
DA:16,3
DA:17,3
DA:30,3
DA:31,3
DA:32,2
DA:33,2
DA:34,1
DA:38,2
LF:14
LH:14
BRDA:31,0,0,2
BRDA:31,0,1,1
BRDA:33,1,0,1
BRDA:33,1,1,1
BRF:4
BRH:4
end_of_record
TN:
SF:src/iot-gw.ts
FN:11,(anonymous_0)
FN:29,(anonymous_1)
FNF:2
FNH:2
FNDA:2,(anonymous_0)
FNDA:2,(anonymous_1)
DA:12,2
DA:14,2
DA:15,2
DA:16,1
DA:18,1
DA:30,2
DA:31,2
DA:33,1
DA:34,1
DA:35,1
LF:10
LH:10
BRF:0
BRH:0
end_of_record
